2025-08-19T11:30:21.308+05:30  INFO 3200 --- [MyFirstCRUDOperation] [main] c.c.MyFirstCrudOperationApplication      : Starting MyFirstCrudOperationApplication using Java 22.0.1 with PID 3200 (E:\SpringBootProject\MyFirstCRUDOperation\target\classes started by datta in E:\SpringBootProject\MyFirstCRUDOperation)
2025-08-19T11:30:21.312+05:30  INFO 3200 --- [MyFirstCRUDOperation] [main] c.c.MyFirstCrudOperationApplication      : No active profile set, falling back to 1 default profile: "default"
2025-08-19T11:30:23.274+05:30  INFO 3200 --- [MyFirstCRUDOperation] [main] .s.d.r.c.RepositoryConfigurationDelegate : Bootstrapping Spring Data JPA repositories in DEFAULT mode.
2025-08-19T11:30:23.405+05:30  INFO 3200 --- [MyFirstCRUDOperation] [main] .s.d.r.c.RepositoryConfigurationDelegate : Finished Spring Data repository scanning in 113 ms. Found 1 JPA repository interface.
2025-08-19T11:30:24.403+05:30  INFO 3200 --- [MyFirstCRUDOperation] [main] o.s.b.w.embedded.tomcat.TomcatWebServer  : Tomcat initialized with port 8081 (http)
2025-08-19T11:30:24.425+05:30  INFO 3200 --- [MyFirstCRUDOperation] [main] o.apache.catalina.core.StandardService   : Starting service [Tomcat]
2025-08-19T11:30:24.425+05:30  INFO 3200 --- [MyFirstCRUDOperation] [main] o.apache.catalina.core.StandardEngine    : Starting Servlet engine: [Apache Tomcat/10.1.43]
2025-08-19T11:30:24.505+05:30  INFO 3200 --- [MyFirstCRUDOperation] [main] o.a.c.c.C.[Tomcat].[localhost].[/]       : Initializing Spring embedded WebApplicationContext
2025-08-19T11:30:24.505+05:30  INFO 3200 --- [MyFirstCRUDOperation] [main] w.s.c.ServletWebServerApplicationContext : Root WebApplicationContext: initialization completed in 3111 ms
2025-08-19T11:30:25.024+05:30  INFO 3200 --- [MyFirstCRUDOperation] [main] o.hibernate.jpa.internal.util.LogHelper  : HHH000204: Processing PersistenceUnitInfo [name: default]
2025-08-19T11:30:25.132+05:30  INFO 3200 --- [MyFirstCRUDOperation] [main] org.hibernate.Version                    : HHH000412: Hibernate ORM core version 6.6.22.Final
2025-08-19T11:30:25.183+05:30  INFO 3200 --- [MyFirstCRUDOperation] [main] o.h.c.internal.RegionFactoryInitiator    : HHH000026: Second-level cache disabled
2025-08-19T11:30:25.620+05:30  INFO 3200 --- [MyFirstCRUDOperation] [main] o.s.o.j.p.SpringPersistenceUnitInfo      : No LoadTimeWeaver setup: ignoring JPA class transformer
2025-08-19T11:30:25.656+05:30  INFO 3200 --- [MyFirstCRUDOperation] [main] com.zaxxer.hikari.HikariDataSource       : HikariPool-1 - Starting...
2025-08-19T11:30:26.265+05:30  INFO 3200 --- [MyFirstCRUDOperation] [main] com.zaxxer.hikari.pool.HikariPool        : HikariPool-1 - Added connection com.mysql.cj.jdbc.ConnectionImpl@5d37aa0f
2025-08-19T11:30:26.267+05:30  INFO 3200 --- [MyFirstCRUDOperation] [main] com.zaxxer.hikari.HikariDataSource       : HikariPool-1 - Start completed.
2025-08-19T11:30:26.328+05:30  WARN 3200 --- [MyFirstCRUDOperation] [main] org.hibernate.orm.deprecation            : HHH90000025: MySQL8Dialect does not need to be specified explicitly using 'hibernate.dialect' (remove the property setting and it will be selected by default)
2025-08-19T11:30:26.329+05:30  WARN 3200 --- [MyFirstCRUDOperation] [main] org.hibernate.orm.deprecation            : HHH90000026: MySQL8Dialect has been deprecated; use org.hibernate.dialect.MySQLDialect instead
2025-08-19T11:30:26.362+05:30  INFO 3200 --- [MyFirstCRUDOperation] [main] org.hibernate.orm.connections.pooling    : HHH10001005: Database info:
	Database JDBC URL [Connecting through datasource 'HikariDataSource (HikariPool-1)']
	Database driver: undefined/unknown
	Database version: 8.0
	Autocommit mode: undefined/unknown
	Isolation level: undefined/unknown
	Minimum pool size: undefined/unknown
	Maximum pool size: undefined/unknown
2025-08-19T11:30:27.589+05:30  INFO 3200 --- [MyFirstCRUDOperation] [main] o.h.e.t.j.p.i.JtaPlatformInitiator       : HHH000489: No JTA platform available (set 'hibernate.transaction.jta.platform' to enable JTA platform integration)
2025-08-19T11:30:27.657+05:30  INFO 3200 --- [MyFirstCRUDOperation] [main] j.LocalContainerEntityManagerFactoryBean : Initialized JPA EntityManagerFactory for persistence unit 'default'
2025-08-19T11:30:28.557+05:30  WARN 3200 --- [MyFirstCRUDOperation] [main] JpaBaseConfiguration$JpaWebConfiguration : spring.jpa.open-in-view is enabled by default. Therefore, database queries may be performed during view rendering. Explicitly configure spring.jpa.open-in-view to disable this warning
2025-08-19T11:30:28.668+05:30  INFO 3200 --- [MyFirstCRUDOperation] [main] o.s.v.b.OptionalValidatorFactoryBean     : Failed to set up a Bean Validation provider: jakarta.validation.NoProviderFoundException: Unable to create a Configuration, because no Jakarta Bean Validation provider could be found. Add a provider like Hibernate Validator (RI) to your classpath.
2025-08-19T11:30:30.111+05:30  INFO 3200 --- [MyFirstCRUDOperation] [main] o.s.b.w.embedded.tomcat.TomcatWebServer  : Tomcat started on port 8081 (http) with context path '/'
2025-08-19T11:30:30.126+05:30  INFO 3200 --- [MyFirstCRUDOperation] [main] c.c.MyFirstCrudOperationApplication      : Started MyFirstCrudOperationApplication in 9.836 seconds (process running for 10.4)
2025-08-19T11:30:44.331+05:30  INFO 3200 --- [MyFirstCRUDOperation] [http-nio-8081-exec-2] o.a.c.c.C.[Tomcat].[localhost].[/]       : Initializing Spring DispatcherServlet 'dispatcherServlet'
2025-08-19T11:30:44.332+05:30  INFO 3200 --- [MyFirstCRUDOperation] [http-nio-8081-exec-2] o.s.web.servlet.DispatcherServlet        : Initializing Servlet 'dispatcherServlet'
2025-08-19T11:30:44.333+05:30  INFO 3200 --- [MyFirstCRUDOperation] [http-nio-8081-exec-2] o.s.web.servlet.DispatcherServlet        : Completed initialization in 1 ms
2025-08-19T11:30:44.372+05:30  INFO 3200 --- [MyFirstCRUDOperation] [http-nio-8081-exec-2] c.c.controller.DeveloperController       : Fetching all developers
2025-08-19T11:30:44.595+05:30 DEBUG 3200 --- [MyFirstCRUDOperation] [http-nio-8081-exec-2] c.c.controller.DeveloperController       : Total developers found: 8
2025-08-19T11:31:23.006+05:30  INFO 3200 --- [MyFirstCRUDOperation] [http-nio-8081-exec-3] c.c.controller.DeveloperController       : Request received to update developer with ID: 2
2025-08-19T11:31:23.041+05:30 DEBUG 3200 --- [MyFirstCRUDOperation] [http-nio-8081-exec-3] c.c.controller.DeveloperController       : Developer updated successfully: Developer(id=2, fName=Ravi, lName=Kumar, age=20, city=Pune, gender=Male, salary=95000, developerId=null, yearOfBirth=0)
2025-08-19T11:32:13.938+05:30  INFO 3200 --- [MyFirstCRUDOperation] [http-nio-8081-exec-4] c.c.controller.DeveloperController       : Request received to update developer with ID: 2
2025-08-19T11:32:13.949+05:30 DEBUG 3200 --- [MyFirstCRUDOperation] [http-nio-8081-exec-4] c.c.controller.DeveloperController       : Developer updated successfully: Developer(id=2, fName=Ravi, lName=Kumar, age=20, city=Pune, gender=Male, salary=95000, developerId=null, yearOfBirth=0)
2025-08-19T11:34:04.532+05:30  INFO 3200 --- [MyFirstCRUDOperation] [http-nio-8081-exec-7] c.c.controller.DeveloperController       : Request received to update developer with ID: 2
2025-08-19T11:34:04.548+05:30 DEBUG 3200 --- [MyFirstCRUDOperation] [http-nio-8081-exec-7] c.c.controller.DeveloperController       : Developer updated successfully: Developer(id=2, fName=Ravi, lName=Kumar, age=20, city=Pune, gender=Male, salary=95000, developerId=null, yearOfBirth=0)
2025-08-19T12:05:40.198+05:30  INFO 3200 --- [MyFirstCRUDOperation] [SpringApplicationShutdownHook] o.s.b.w.e.tomcat.GracefulShutdown        : Commencing graceful shutdown. Waiting for active requests to complete
2025-08-19T12:05:40.272+05:30  INFO 3200 --- [MyFirstCRUDOperation] [tomcat-shutdown] o.s.b.w.e.tomcat.GracefulShutdown        : Graceful shutdown complete
2025-08-19T12:05:40.340+05:30  INFO 3200 --- [MyFirstCRUDOperation] [SpringApplicationShutdownHook] j.LocalContainerEntityManagerFactoryBean : Closing JPA EntityManagerFactory for persistence unit 'default'
2025-08-19T12:05:40.424+05:30  INFO 3200 --- [MyFirstCRUDOperation] [SpringApplicationShutdownHook] com.zaxxer.hikari.HikariDataSource       : HikariPool-1 - Shutdown initiated...
2025-08-19T12:05:40.445+05:30  INFO 3200 --- [MyFirstCRUDOperation] [SpringApplicationShutdownHook] com.zaxxer.hikari.HikariDataSource       : HikariPool-1 - Shutdown completed.
2025-08-19T12:05:46.265+05:30  INFO 17564 --- [MyFirstCRUDOperation] [main] c.c.MyFirstCrudOperationApplication      : Starting MyFirstCrudOperationApplication using Java 22.0.1 with PID 17564 (E:\SpringBootProject\MyFirstCRUDOperation\target\classes started by datta in E:\SpringBootProject\MyFirstCRUDOperation)
2025-08-19T12:05:46.276+05:30  INFO 17564 --- [MyFirstCRUDOperation] [main] c.c.MyFirstCrudOperationApplication      : No active profile set, falling back to 1 default profile: "default"
2025-08-19T12:05:48.296+05:30  INFO 17564 --- [MyFirstCRUDOperation] [main] .s.d.r.c.RepositoryConfigurationDelegate : Bootstrapping Spring Data JPA repositories in DEFAULT mode.
2025-08-19T12:05:48.401+05:30  INFO 17564 --- [MyFirstCRUDOperation] [main] .s.d.r.c.RepositoryConfigurationDelegate : Finished Spring Data repository scanning in 90 ms. Found 1 JPA repository interface.
2025-08-19T12:05:49.731+05:30  INFO 17564 --- [MyFirstCRUDOperation] [main] o.s.b.w.embedded.tomcat.TomcatWebServer  : Tomcat initialized with port 8081 (http)
2025-08-19T12:05:49.757+05:30  INFO 17564 --- [MyFirstCRUDOperation] [main] o.apache.catalina.core.StandardService   : Starting service [Tomcat]
2025-08-19T12:05:49.757+05:30  INFO 17564 --- [MyFirstCRUDOperation] [main] o.apache.catalina.core.StandardEngine    : Starting Servlet engine: [Apache Tomcat/10.1.43]
2025-08-19T12:05:49.863+05:30  INFO 17564 --- [MyFirstCRUDOperation] [main] o.a.c.c.C.[Tomcat].[localhost].[/]       : Initializing Spring embedded WebApplicationContext
2025-08-19T12:05:49.864+05:30  INFO 17564 --- [MyFirstCRUDOperation] [main] w.s.c.ServletWebServerApplicationContext : Root WebApplicationContext: initialization completed in 3478 ms
2025-08-19T12:05:50.340+05:30  INFO 17564 --- [MyFirstCRUDOperation] [main] o.hibernate.jpa.internal.util.LogHelper  : HHH000204: Processing PersistenceUnitInfo [name: default]
2025-08-19T12:05:50.439+05:30  INFO 17564 --- [MyFirstCRUDOperation] [main] org.hibernate.Version                    : HHH000412: Hibernate ORM core version 6.6.22.Final
2025-08-19T12:05:50.506+05:30  INFO 17564 --- [MyFirstCRUDOperation] [main] o.h.c.internal.RegionFactoryInitiator    : HHH000026: Second-level cache disabled
2025-08-19T12:05:51.042+05:30  INFO 17564 --- [MyFirstCRUDOperation] [main] o.s.o.j.p.SpringPersistenceUnitInfo      : No LoadTimeWeaver setup: ignoring JPA class transformer
2025-08-19T12:05:51.107+05:30  INFO 17564 --- [MyFirstCRUDOperation] [main] com.zaxxer.hikari.HikariDataSource       : HikariPool-1 - Starting...
2025-08-19T12:05:51.848+05:30  INFO 17564 --- [MyFirstCRUDOperation] [main] com.zaxxer.hikari.pool.HikariPool        : HikariPool-1 - Added connection com.mysql.cj.jdbc.ConnectionImpl@20faaf77
2025-08-19T12:05:51.851+05:30  INFO 17564 --- [MyFirstCRUDOperation] [main] com.zaxxer.hikari.HikariDataSource       : HikariPool-1 - Start completed.
2025-08-19T12:05:51.995+05:30  WARN 17564 --- [MyFirstCRUDOperation] [main] org.hibernate.orm.deprecation            : HHH90000025: MySQL8Dialect does not need to be specified explicitly using 'hibernate.dialect' (remove the property setting and it will be selected by default)
2025-08-19T12:05:51.998+05:30  WARN 17564 --- [MyFirstCRUDOperation] [main] org.hibernate.orm.deprecation            : HHH90000026: MySQL8Dialect has been deprecated; use org.hibernate.dialect.MySQLDialect instead
2025-08-19T12:05:52.029+05:30  INFO 17564 --- [MyFirstCRUDOperation] [main] org.hibernate.orm.connections.pooling    : HHH10001005: Database info:
	Database JDBC URL [Connecting through datasource 'HikariDataSource (HikariPool-1)']
	Database driver: undefined/unknown
	Database version: 8.0
	Autocommit mode: undefined/unknown
	Isolation level: undefined/unknown
	Minimum pool size: undefined/unknown
	Maximum pool size: undefined/unknown
2025-08-19T12:05:53.403+05:30  INFO 17564 --- [MyFirstCRUDOperation] [main] o.h.e.t.j.p.i.JtaPlatformInitiator       : HHH000489: No JTA platform available (set 'hibernate.transaction.jta.platform' to enable JTA platform integration)
2025-08-19T12:05:53.518+05:30  INFO 17564 --- [MyFirstCRUDOperation] [main] j.LocalContainerEntityManagerFactoryBean : Initialized JPA EntityManagerFactory for persistence unit 'default'
2025-08-19T12:05:54.959+05:30  WARN 17564 --- [MyFirstCRUDOperation] [main] JpaBaseConfiguration$JpaWebConfiguration : spring.jpa.open-in-view is enabled by default. Therefore, database queries may be performed during view rendering. Explicitly configure spring.jpa.open-in-view to disable this warning
2025-08-19T12:05:55.129+05:30  INFO 17564 --- [MyFirstCRUDOperation] [main] o.s.v.b.OptionalValidatorFactoryBean     : Failed to set up a Bean Validation provider: jakarta.validation.NoProviderFoundException: Unable to create a Configuration, because no Jakarta Bean Validation provider could be found. Add a provider like Hibernate Validator (RI) to your classpath.
2025-08-19T12:05:56.751+05:30  INFO 17564 --- [MyFirstCRUDOperation] [main] o.s.b.w.embedded.tomcat.TomcatWebServer  : Tomcat started on port 8081 (http) with context path '/'
2025-08-19T12:05:56.791+05:30  INFO 17564 --- [MyFirstCRUDOperation] [main] c.c.MyFirstCrudOperationApplication      : Started MyFirstCrudOperationApplication in 11.589 seconds (process running for 12.964)
2025-08-19T13:17:06.121+05:30  WARN 17564 --- [MyFirstCRUDOperation] [HikariPool-1 housekeeper] com.zaxxer.hikari.pool.HikariPool        : HikariPool-1 - Thread starvation or clock leap detected (housekeeper delta=12m39s934ms915µs400ns).
2025-08-19T13:18:27.923+05:30  WARN 17564 --- [MyFirstCRUDOperation] [HikariPool-1 housekeeper] com.zaxxer.hikari.pool.HikariPool        : HikariPool-1 - Thread starvation or clock leap detected (housekeeper delta=1m28s440ms979µs600ns).
2025-08-19T15:51:46.939+05:30  WARN 17564 --- [MyFirstCRUDOperation] [HikariPool-1 housekeeper] com.zaxxer.hikari.pool.HikariPool        : HikariPool-1 - Thread starvation or clock leap detected (housekeeper delta=2h24m55s204ms682µs700ns).
2025-08-19T16:22:26.994+05:30  INFO 17564 --- [MyFirstCRUDOperation] [SpringApplicationShutdownHook] o.s.b.w.e.tomcat.GracefulShutdown        : Commencing graceful shutdown. Waiting for active requests to complete
2025-08-19T16:22:27.097+05:30  INFO 17564 --- [MyFirstCRUDOperation] [tomcat-shutdown] o.s.b.w.e.tomcat.GracefulShutdown        : Graceful shutdown complete
2025-08-19T16:22:27.188+05:30  INFO 17564 --- [MyFirstCRUDOperation] [SpringApplicationShutdownHook] j.LocalContainerEntityManagerFactoryBean : Closing JPA EntityManagerFactory for persistence unit 'default'
2025-08-19T16:22:27.327+05:30  INFO 17564 --- [MyFirstCRUDOperation] [SpringApplicationShutdownHook] com.zaxxer.hikari.HikariDataSource       : HikariPool-1 - Shutdown initiated...
2025-08-19T16:22:27.372+05:30  INFO 17564 --- [MyFirstCRUDOperation] [SpringApplicationShutdownHook] com.zaxxer.hikari.HikariDataSource       : HikariPool-1 - Shutdown completed.
2025-08-19T20:14:32.664+05:30  INFO 8760 --- [MyFirstCRUDOperation] [main] c.c.MyFirstCrudOperationApplication      : Starting MyFirstCrudOperationApplication using Java 22.0.1 with PID 8760 (E:\SpringBootProject\MyFirstCRUDOperation\target\classes started by datta in E:\SpringBootProject\MyFirstCRUDOperation)
2025-08-19T20:14:32.706+05:30  INFO 8760 --- [MyFirstCRUDOperation] [main] c.c.MyFirstCrudOperationApplication      : No active profile set, falling back to 1 default profile: "default"
2025-08-19T20:14:35.195+05:30  INFO 8760 --- [MyFirstCRUDOperation] [main] .s.d.r.c.RepositoryConfigurationDelegate : Bootstrapping Spring Data JPA repositories in DEFAULT mode.
2025-08-19T20:14:35.350+05:30  INFO 8760 --- [MyFirstCRUDOperation] [main] .s.d.r.c.RepositoryConfigurationDelegate : Finished Spring Data repository scanning in 111 ms. Found 1 JPA repository interface.
2025-08-19T20:14:37.233+05:30  INFO 8760 --- [MyFirstCRUDOperation] [main] o.s.b.w.embedded.tomcat.TomcatWebServer  : Tomcat initialized with port 8081 (http)
2025-08-19T20:14:37.267+05:30  INFO 8760 --- [MyFirstCRUDOperation] [main] o.apache.catalina.core.StandardService   : Starting service [Tomcat]
2025-08-19T20:14:37.268+05:30  INFO 8760 --- [MyFirstCRUDOperation] [main] o.apache.catalina.core.StandardEngine    : Starting Servlet engine: [Apache Tomcat/10.1.43]
2025-08-19T20:14:37.517+05:30  INFO 8760 --- [MyFirstCRUDOperation] [main] o.a.c.c.C.[Tomcat].[localhost].[/]       : Initializing Spring embedded WebApplicationContext
2025-08-19T20:14:37.518+05:30  INFO 8760 --- [MyFirstCRUDOperation] [main] w.s.c.ServletWebServerApplicationContext : Root WebApplicationContext: initialization completed in 4680 ms
2025-08-19T20:14:38.076+05:30  INFO 8760 --- [MyFirstCRUDOperation] [main] o.hibernate.jpa.internal.util.LogHelper  : HHH000204: Processing PersistenceUnitInfo [name: default]
2025-08-19T20:14:38.200+05:30  INFO 8760 --- [MyFirstCRUDOperation] [main] org.hibernate.Version                    : HHH000412: Hibernate ORM core version 6.6.22.Final
2025-08-19T20:14:38.260+05:30  INFO 8760 --- [MyFirstCRUDOperation] [main] o.h.c.internal.RegionFactoryInitiator    : HHH000026: Second-level cache disabled
2025-08-19T20:14:38.828+05:30  INFO 8760 --- [MyFirstCRUDOperation] [main] o.s.o.j.p.SpringPersistenceUnitInfo      : No LoadTimeWeaver setup: ignoring JPA class transformer
2025-08-19T20:14:38.883+05:30  INFO 8760 --- [MyFirstCRUDOperation] [main] com.zaxxer.hikari.HikariDataSource       : HikariPool-1 - Starting...
2025-08-19T20:14:39.766+05:30  INFO 8760 --- [MyFirstCRUDOperation] [main] com.zaxxer.hikari.pool.HikariPool        : HikariPool-1 - Added connection com.mysql.cj.jdbc.ConnectionImpl@5b7ee56c
2025-08-19T20:14:39.769+05:30  INFO 8760 --- [MyFirstCRUDOperation] [main] com.zaxxer.hikari.HikariDataSource       : HikariPool-1 - Start completed.
2025-08-19T20:14:39.903+05:30  WARN 8760 --- [MyFirstCRUDOperation] [main] org.hibernate.orm.deprecation            : HHH90000025: MySQL8Dialect does not need to be specified explicitly using 'hibernate.dialect' (remove the property setting and it will be selected by default)
2025-08-19T20:14:39.906+05:30  WARN 8760 --- [MyFirstCRUDOperation] [main] org.hibernate.orm.deprecation            : HHH90000026: MySQL8Dialect has been deprecated; use org.hibernate.dialect.MySQLDialect instead
2025-08-19T20:14:40.014+05:30  INFO 8760 --- [MyFirstCRUDOperation] [main] org.hibernate.orm.connections.pooling    : HHH10001005: Database info:
	Database JDBC URL [Connecting through datasource 'HikariDataSource (HikariPool-1)']
	Database driver: undefined/unknown
	Database version: 8.0
	Autocommit mode: undefined/unknown
	Isolation level: undefined/unknown
	Minimum pool size: undefined/unknown
	Maximum pool size: undefined/unknown
2025-08-19T20:14:41.395+05:30  INFO 8760 --- [MyFirstCRUDOperation] [main] o.h.e.t.j.p.i.JtaPlatformInitiator       : HHH000489: No JTA platform available (set 'hibernate.transaction.jta.platform' to enable JTA platform integration)
2025-08-19T20:14:41.573+05:30  INFO 8760 --- [MyFirstCRUDOperation] [main] j.LocalContainerEntityManagerFactoryBean : Initialized JPA EntityManagerFactory for persistence unit 'default'
2025-08-19T20:14:42.655+05:30  WARN 8760 --- [MyFirstCRUDOperation] [main] JpaBaseConfiguration$JpaWebConfiguration : spring.jpa.open-in-view is enabled by default. Therefore, database queries may be performed during view rendering. Explicitly configure spring.jpa.open-in-view to disable this warning
2025-08-19T20:14:42.799+05:30  INFO 8760 --- [MyFirstCRUDOperation] [main] o.s.v.b.OptionalValidatorFactoryBean     : Failed to set up a Bean Validation provider: jakarta.validation.NoProviderFoundException: Unable to create a Configuration, because no Jakarta Bean Validation provider could be found. Add a provider like Hibernate Validator (RI) to your classpath.
2025-08-19T20:14:43.965+05:30  INFO 8760 --- [MyFirstCRUDOperation] [main] o.s.b.w.embedded.tomcat.TomcatWebServer  : Tomcat started on port 8081 (http) with context path '/'
2025-08-19T20:14:43.983+05:30  INFO 8760 --- [MyFirstCRUDOperation] [main] c.c.MyFirstCrudOperationApplication      : Started MyFirstCrudOperationApplication in 12.607 seconds (process running for 14.577)
2025-08-19T20:16:16.076+05:30  INFO 8760 --- [MyFirstCRUDOperation] [http-nio-8081-exec-2] o.a.c.c.C.[Tomcat].[localhost].[/]       : Initializing Spring DispatcherServlet 'dispatcherServlet'
2025-08-19T20:16:16.076+05:30  INFO 8760 --- [MyFirstCRUDOperation] [http-nio-8081-exec-2] o.s.web.servlet.DispatcherServlet        : Initializing Servlet 'dispatcherServlet'
2025-08-19T20:16:16.085+05:30  INFO 8760 --- [MyFirstCRUDOperation] [http-nio-8081-exec-2] o.s.web.servlet.DispatcherServlet        : Completed initialization in 9 ms
2025-08-19T20:16:16.186+05:30  INFO 8760 --- [MyFirstCRUDOperation] [http-nio-8081-exec-2] c.c.controller.DeveloperController       : Fetching developer with ID: 11
2025-08-19T20:16:16.502+05:30 ERROR 8760 --- [MyFirstCRUDOperation] [http-nio-8081-exec-2] o.a.c.c.C.[.[.[/].[dispatcherServlet]    : Servlet.service() for servlet [dispatcherServlet] in context with path [] threw exception [Request processing failed: java.lang.NullPointerException: Developer is not found with id11] with root cause

java.lang.NullPointerException: Developer is not found with id11
	at com.company.serviceImpl.DeveloperServiceImpl.lambda$getDeveloperById$0(DeveloperServiceImpl.java:41) ~[classes/:na]
	at java.base/java.util.Optional.orElseThrow(Optional.java:403) ~[na:na]
	at com.company.serviceImpl.DeveloperServiceImpl.getDeveloperById(DeveloperServiceImpl.java:40) ~[classes/:na]
	at com.company.controller.DeveloperController.getDeveloperById(DeveloperController.java:46) ~[classes/:na]
	at java.base/jdk.internal.reflect.DirectMethodHandleAccessor.invoke(DirectMethodHandleAccessor.java:103) ~[na:na]
	at java.base/java.lang.reflect.Method.invoke(Method.java:580) ~[na:na]
	at org.springframework.web.method.support.InvocableHandlerMethod.doInvoke(InvocableHandlerMethod.java:258) ~[spring-web-6.2.9.jar:6.2.9]
	at org.springframework.web.method.support.InvocableHandlerMethod.invokeForRequest(InvocableHandlerMethod.java:191) ~[spring-web-6.2.9.jar:6.2.9]
	at org.springframework.web.servlet.mvc.method.annotation.ServletInvocableHandlerMethod.invokeAndHandle(ServletInvocableHandlerMethod.java:118) ~[spring-webmvc-6.2.9.jar:6.2.9]
	at org.springframework.web.servlet.mvc.method.annotation.RequestMappingHandlerAdapter.invokeHandlerMethod(RequestMappingHandlerAdapter.java:991) ~[spring-webmvc-6.2.9.jar:6.2.9]
	at org.springframework.web.servlet.mvc.method.annotation.RequestMappingHandlerAdapter.handleInternal(RequestMappingHandlerAdapter.java:896) ~[spring-webmvc-6.2.9.jar:6.2.9]
	at org.springframework.web.servlet.mvc.method.AbstractHandlerMethodAdapter.handle(AbstractHandlerMethodAdapter.java:87) ~[spring-webmvc-6.2.9.jar:6.2.9]
	at org.springframework.web.servlet.DispatcherServlet.doDispatch(DispatcherServlet.java:1089) ~[spring-webmvc-6.2.9.jar:6.2.9]
	at org.springframework.web.servlet.DispatcherServlet.doService(DispatcherServlet.java:979) ~[spring-webmvc-6.2.9.jar:6.2.9]
	at org.springframework.web.servlet.FrameworkServlet.processRequest(FrameworkServlet.java:1014) ~[spring-webmvc-6.2.9.jar:6.2.9]
	at org.springframework.web.servlet.FrameworkServlet.doGet(FrameworkServlet.java:903) ~[spring-webmvc-6.2.9.jar:6.2.9]
	at jakarta.servlet.http.HttpServlet.service(HttpServlet.java:564) ~[tomcat-embed-core-10.1.43.jar:6.0]
	at org.springframework.web.servlet.FrameworkServlet.service(FrameworkServlet.java:885) ~[spring-webmvc-6.2.9.jar:6.2.9]
	at jakarta.servlet.http.HttpServlet.service(HttpServlet.java:658) ~[tomcat-embed-core-10.1.43.jar:6.0]
	at org.apache.catalina.core.ApplicationFilterChain.internalDoFilter(ApplicationFilterChain.java:195) ~[tomcat-embed-core-10.1.43.jar:10.1.43]
	at org.apache.catalina.core.ApplicationFilterChain.doFilter(ApplicationFilterChain.java:140) ~[tomcat-embed-core-10.1.43.jar:10.1.43]
	at org.apache.tomcat.websocket.server.WsFilter.doFilter(WsFilter.java:51) ~[tomcat-embed-websocket-10.1.43.jar:10.1.43]
	at org.apache.catalina.core.ApplicationFilterChain.internalDoFilter(ApplicationFilterChain.java:164) ~[tomcat-embed-core-10.1.43.jar:10.1.43]
	at org.apache.catalina.core.ApplicationFilterChain.doFilter(ApplicationFilterChain.java:140) ~[tomcat-embed-core-10.1.43.jar:10.1.43]
	at org.springframework.web.filter.RequestContextFilter.doFilterInternal(RequestContextFilter.java:100) ~[spring-web-6.2.9.jar:6.2.9]
	at org.springframework.web.filter.OncePerRequestFilter.doFilter(OncePerRequestFilter.java:116) ~[spring-web-6.2.9.jar:6.2.9]
	at org.apache.catalina.core.ApplicationFilterChain.internalDoFilter(ApplicationFilterChain.java:164) ~[tomcat-embed-core-10.1.43.jar:10.1.43]
	at org.apache.catalina.core.ApplicationFilterChain.doFilter(ApplicationFilterChain.java:140) ~[tomcat-embed-core-10.1.43.jar:10.1.43]
	at org.springframework.web.filter.FormContentFilter.doFilterInternal(FormContentFilter.java:93) ~[spring-web-6.2.9.jar:6.2.9]
	at org.springframework.web.filter.OncePerRequestFilter.doFilter(OncePerRequestFilter.java:116) ~[spring-web-6.2.9.jar:6.2.9]
	at org.apache.catalina.core.ApplicationFilterChain.internalDoFilter(ApplicationFilterChain.java:164) ~[tomcat-embed-core-10.1.43.jar:10.1.43]
	at org.apache.catalina.core.ApplicationFilterChain.doFilter(ApplicationFilterChain.java:140) ~[tomcat-embed-core-10.1.43.jar:10.1.43]
	at org.springframework.web.filter.CharacterEncodingFilter.doFilterInternal(CharacterEncodingFilter.java:201) ~[spring-web-6.2.9.jar:6.2.9]
	at org.springframework.web.filter.OncePerRequestFilter.doFilter(OncePerRequestFilter.java:116) ~[spring-web-6.2.9.jar:6.2.9]
	at org.apache.catalina.core.ApplicationFilterChain.internalDoFilter(ApplicationFilterChain.java:164) ~[tomcat-embed-core-10.1.43.jar:10.1.43]
	at org.apache.catalina.core.ApplicationFilterChain.doFilter(ApplicationFilterChain.java:140) ~[tomcat-embed-core-10.1.43.jar:10.1.43]
	at org.apache.catalina.core.StandardWrapperValve.invoke(StandardWrapperValve.java:167) ~[tomcat-embed-core-10.1.43.jar:10.1.43]
	at org.apache.catalina.core.StandardContextValve.invoke(StandardContextValve.java:90) ~[tomcat-embed-core-10.1.43.jar:10.1.43]
	at org.apache.catalina.authenticator.AuthenticatorBase.invoke(AuthenticatorBase.java:483) ~[tomcat-embed-core-10.1.43.jar:10.1.43]
	at org.apache.catalina.core.StandardHostValve.invoke(StandardHostValve.java:116) ~[tomcat-embed-core-10.1.43.jar:10.1.43]
	at org.apache.catalina.valves.ErrorReportValve.invoke(ErrorReportValve.java:93) ~[tomcat-embed-core-10.1.43.jar:10.1.43]
	at org.apache.catalina.core.StandardEngineValve.invoke(StandardEngineValve.java:74) ~[tomcat-embed-core-10.1.43.jar:10.1.43]
	at org.apache.catalina.connector.CoyoteAdapter.service(CoyoteAdapter.java:344) ~[tomcat-embed-core-10.1.43.jar:10.1.43]
	at org.apache.coyote.http11.Http11Processor.service(Http11Processor.java:398) ~[tomcat-embed-core-10.1.43.jar:10.1.43]
	at org.apache.coyote.AbstractProcessorLight.process(AbstractProcessorLight.java:63) ~[tomcat-embed-core-10.1.43.jar:10.1.43]
	at org.apache.coyote.AbstractProtocol$ConnectionHandler.process(AbstractProtocol.java:903) ~[tomcat-embed-core-10.1.43.jar:10.1.43]
	at org.apache.tomcat.util.net.NioEndpoint$SocketProcessor.doRun(NioEndpoint.java:1769) ~[tomcat-embed-core-10.1.43.jar:10.1.43]
	at org.apache.tomcat.util.net.SocketProcessorBase.run(SocketProcessorBase.java:52) ~[tomcat-embed-core-10.1.43.jar:10.1.43]
	at org.apache.tomcat.util.threads.ThreadPoolExecutor.runWorker(ThreadPoolExecutor.java:1189) ~[tomcat-embed-core-10.1.43.jar:10.1.43]
	at org.apache.tomcat.util.threads.ThreadPoolExecutor$Worker.run(ThreadPoolExecutor.java:658) ~[tomcat-embed-core-10.1.43.jar:10.1.43]
	at org.apache.tomcat.util.threads.TaskThread$WrappingRunnable.run(TaskThread.java:63) ~[tomcat-embed-core-10.1.43.jar:10.1.43]
	at java.base/java.lang.Thread.run(Thread.java:1570) ~[na:na]

2025-08-19T20:22:06.186+05:30  INFO 8760 --- [MyFirstCRUDOperation] [http-nio-8081-exec-4] c.c.controller.DeveloperController       : Fetching developer with ID: 11
2025-08-19T20:22:06.214+05:30 ERROR 8760 --- [MyFirstCRUDOperation] [http-nio-8081-exec-4] o.a.c.c.C.[.[.[/].[dispatcherServlet]    : Servlet.service() for servlet [dispatcherServlet] in context with path [] threw exception [Request processing failed: java.lang.NullPointerException: Developer is not found with id11] with root cause

java.lang.NullPointerException: Developer is not found with id11
	at com.company.serviceImpl.DeveloperServiceImpl.lambda$getDeveloperById$0(DeveloperServiceImpl.java:41) ~[classes/:na]
	at java.base/java.util.Optional.orElseThrow(Optional.java:403) ~[na:na]
	at com.company.serviceImpl.DeveloperServiceImpl.getDeveloperById(DeveloperServiceImpl.java:40) ~[classes/:na]
	at com.company.controller.DeveloperController.getDeveloperById(DeveloperController.java:46) ~[classes/:na]
	at java.base/jdk.internal.reflect.DirectMethodHandleAccessor.invoke(DirectMethodHandleAccessor.java:103) ~[na:na]
	at java.base/java.lang.reflect.Method.invoke(Method.java:580) ~[na:na]
	at org.springframework.web.method.support.InvocableHandlerMethod.doInvoke(InvocableHandlerMethod.java:258) ~[spring-web-6.2.9.jar:6.2.9]
	at org.springframework.web.method.support.InvocableHandlerMethod.invokeForRequest(InvocableHandlerMethod.java:191) ~[spring-web-6.2.9.jar:6.2.9]
	at org.springframework.web.servlet.mvc.method.annotation.ServletInvocableHandlerMethod.invokeAndHandle(ServletInvocableHandlerMethod.java:118) ~[spring-webmvc-6.2.9.jar:6.2.9]
	at org.springframework.web.servlet.mvc.method.annotation.RequestMappingHandlerAdapter.invokeHandlerMethod(RequestMappingHandlerAdapter.java:991) ~[spring-webmvc-6.2.9.jar:6.2.9]
	at org.springframework.web.servlet.mvc.method.annotation.RequestMappingHandlerAdapter.handleInternal(RequestMappingHandlerAdapter.java:896) ~[spring-webmvc-6.2.9.jar:6.2.9]
	at org.springframework.web.servlet.mvc.method.AbstractHandlerMethodAdapter.handle(AbstractHandlerMethodAdapter.java:87) ~[spring-webmvc-6.2.9.jar:6.2.9]
	at org.springframework.web.servlet.DispatcherServlet.doDispatch(DispatcherServlet.java:1089) ~[spring-webmvc-6.2.9.jar:6.2.9]
	at org.springframework.web.servlet.DispatcherServlet.doService(DispatcherServlet.java:979) ~[spring-webmvc-6.2.9.jar:6.2.9]
	at org.springframework.web.servlet.FrameworkServlet.processRequest(FrameworkServlet.java:1014) ~[spring-webmvc-6.2.9.jar:6.2.9]
	at org.springframework.web.servlet.FrameworkServlet.doGet(FrameworkServlet.java:903) ~[spring-webmvc-6.2.9.jar:6.2.9]
	at jakarta.servlet.http.HttpServlet.service(HttpServlet.java:564) ~[tomcat-embed-core-10.1.43.jar:6.0]
	at org.springframework.web.servlet.FrameworkServlet.service(FrameworkServlet.java:885) ~[spring-webmvc-6.2.9.jar:6.2.9]
	at jakarta.servlet.http.HttpServlet.service(HttpServlet.java:658) ~[tomcat-embed-core-10.1.43.jar:6.0]
	at org.apache.catalina.core.ApplicationFilterChain.internalDoFilter(ApplicationFilterChain.java:195) ~[tomcat-embed-core-10.1.43.jar:10.1.43]
	at org.apache.catalina.core.ApplicationFilterChain.doFilter(ApplicationFilterChain.java:140) ~[tomcat-embed-core-10.1.43.jar:10.1.43]
	at org.apache.tomcat.websocket.server.WsFilter.doFilter(WsFilter.java:51) ~[tomcat-embed-websocket-10.1.43.jar:10.1.43]
	at org.apache.catalina.core.ApplicationFilterChain.internalDoFilter(ApplicationFilterChain.java:164) ~[tomcat-embed-core-10.1.43.jar:10.1.43]
	at org.apache.catalina.core.ApplicationFilterChain.doFilter(ApplicationFilterChain.java:140) ~[tomcat-embed-core-10.1.43.jar:10.1.43]
	at org.springframework.web.filter.RequestContextFilter.doFilterInternal(RequestContextFilter.java:100) ~[spring-web-6.2.9.jar:6.2.9]
	at org.springframework.web.filter.OncePerRequestFilter.doFilter(OncePerRequestFilter.java:116) ~[spring-web-6.2.9.jar:6.2.9]
	at org.apache.catalina.core.ApplicationFilterChain.internalDoFilter(ApplicationFilterChain.java:164) ~[tomcat-embed-core-10.1.43.jar:10.1.43]
	at org.apache.catalina.core.ApplicationFilterChain.doFilter(ApplicationFilterChain.java:140) ~[tomcat-embed-core-10.1.43.jar:10.1.43]
	at org.springframework.web.filter.FormContentFilter.doFilterInternal(FormContentFilter.java:93) ~[spring-web-6.2.9.jar:6.2.9]
	at org.springframework.web.filter.OncePerRequestFilter.doFilter(OncePerRequestFilter.java:116) ~[spring-web-6.2.9.jar:6.2.9]
	at org.apache.catalina.core.ApplicationFilterChain.internalDoFilter(ApplicationFilterChain.java:164) ~[tomcat-embed-core-10.1.43.jar:10.1.43]
	at org.apache.catalina.core.ApplicationFilterChain.doFilter(ApplicationFilterChain.java:140) ~[tomcat-embed-core-10.1.43.jar:10.1.43]
	at org.springframework.web.filter.CharacterEncodingFilter.doFilterInternal(CharacterEncodingFilter.java:201) ~[spring-web-6.2.9.jar:6.2.9]
	at org.springframework.web.filter.OncePerRequestFilter.doFilter(OncePerRequestFilter.java:116) ~[spring-web-6.2.9.jar:6.2.9]
	at org.apache.catalina.core.ApplicationFilterChain.internalDoFilter(ApplicationFilterChain.java:164) ~[tomcat-embed-core-10.1.43.jar:10.1.43]
	at org.apache.catalina.core.ApplicationFilterChain.doFilter(ApplicationFilterChain.java:140) ~[tomcat-embed-core-10.1.43.jar:10.1.43]
	at org.apache.catalina.core.StandardWrapperValve.invoke(StandardWrapperValve.java:167) ~[tomcat-embed-core-10.1.43.jar:10.1.43]
	at org.apache.catalina.core.StandardContextValve.invoke(StandardContextValve.java:90) ~[tomcat-embed-core-10.1.43.jar:10.1.43]
	at org.apache.catalina.authenticator.AuthenticatorBase.invoke(AuthenticatorBase.java:483) ~[tomcat-embed-core-10.1.43.jar:10.1.43]
	at org.apache.catalina.core.StandardHostValve.invoke(StandardHostValve.java:116) ~[tomcat-embed-core-10.1.43.jar:10.1.43]
	at org.apache.catalina.valves.ErrorReportValve.invoke(ErrorReportValve.java:93) ~[tomcat-embed-core-10.1.43.jar:10.1.43]
	at org.apache.catalina.core.StandardEngineValve.invoke(StandardEngineValve.java:74) ~[tomcat-embed-core-10.1.43.jar:10.1.43]
	at org.apache.catalina.connector.CoyoteAdapter.service(CoyoteAdapter.java:344) ~[tomcat-embed-core-10.1.43.jar:10.1.43]
	at org.apache.coyote.http11.Http11Processor.service(Http11Processor.java:398) ~[tomcat-embed-core-10.1.43.jar:10.1.43]
	at org.apache.coyote.AbstractProcessorLight.process(AbstractProcessorLight.java:63) ~[tomcat-embed-core-10.1.43.jar:10.1.43]
	at org.apache.coyote.AbstractProtocol$ConnectionHandler.process(AbstractProtocol.java:903) ~[tomcat-embed-core-10.1.43.jar:10.1.43]
	at org.apache.tomcat.util.net.NioEndpoint$SocketProcessor.doRun(NioEndpoint.java:1769) ~[tomcat-embed-core-10.1.43.jar:10.1.43]
	at org.apache.tomcat.util.net.SocketProcessorBase.run(SocketProcessorBase.java:52) ~[tomcat-embed-core-10.1.43.jar:10.1.43]
	at org.apache.tomcat.util.threads.ThreadPoolExecutor.runWorker(ThreadPoolExecutor.java:1189) ~[tomcat-embed-core-10.1.43.jar:10.1.43]
	at org.apache.tomcat.util.threads.ThreadPoolExecutor$Worker.run(ThreadPoolExecutor.java:658) ~[tomcat-embed-core-10.1.43.jar:10.1.43]
	at org.apache.tomcat.util.threads.TaskThread$WrappingRunnable.run(TaskThread.java:63) ~[tomcat-embed-core-10.1.43.jar:10.1.43]
	at java.base/java.lang.Thread.run(Thread.java:1570) ~[na:na]

2025-08-19T20:30:58.387+05:30  INFO 8760 --- [MyFirstCRUDOperation] [SpringApplicationShutdownHook] o.s.b.w.e.tomcat.GracefulShutdown        : Commencing graceful shutdown. Waiting for active requests to complete
2025-08-19T20:30:58.530+05:30  INFO 8760 --- [MyFirstCRUDOperation] [tomcat-shutdown] o.s.b.w.e.tomcat.GracefulShutdown        : Graceful shutdown complete
2025-08-19T20:30:58.644+05:30  INFO 8760 --- [MyFirstCRUDOperation] [SpringApplicationShutdownHook] j.LocalContainerEntityManagerFactoryBean : Closing JPA EntityManagerFactory for persistence unit 'default'
2025-08-19T20:30:58.770+05:30  INFO 8760 --- [MyFirstCRUDOperation] [SpringApplicationShutdownHook] com.zaxxer.hikari.HikariDataSource       : HikariPool-1 - Shutdown initiated...
2025-08-19T20:30:58.955+05:30  INFO 8760 --- [MyFirstCRUDOperation] [SpringApplicationShutdownHook] com.zaxxer.hikari.HikariDataSource       : HikariPool-1 - Shutdown completed.
2025-08-19T20:31:06.959+05:30  INFO 7212 --- [MyFirstCRUDOperation] [main] c.c.MyFirstCrudOperationApplication      : Starting MyFirstCrudOperationApplication using Java 22.0.1 with PID 7212 (E:\SpringBootProject\MyFirstCRUDOperation\target\classes started by datta in E:\SpringBootProject\MyFirstCRUDOperation)
2025-08-19T20:31:06.962+05:30  INFO 7212 --- [MyFirstCRUDOperation] [main] c.c.MyFirstCrudOperationApplication      : No active profile set, falling back to 1 default profile: "default"
2025-08-19T20:31:09.108+05:30  INFO 7212 --- [MyFirstCRUDOperation] [main] .s.d.r.c.RepositoryConfigurationDelegate : Bootstrapping Spring Data JPA repositories in DEFAULT mode.
2025-08-19T20:31:09.229+05:30  INFO 7212 --- [MyFirstCRUDOperation] [main] .s.d.r.c.RepositoryConfigurationDelegate : Finished Spring Data repository scanning in 104 ms. Found 1 JPA repository interface.
2025-08-19T20:31:10.598+05:30  INFO 7212 --- [MyFirstCRUDOperation] [main] o.s.b.w.embedded.tomcat.TomcatWebServer  : Tomcat initialized with port 8081 (http)
2025-08-19T20:31:10.630+05:30  INFO 7212 --- [MyFirstCRUDOperation] [main] o.apache.catalina.core.StandardService   : Starting service [Tomcat]
2025-08-19T20:31:10.630+05:30  INFO 7212 --- [MyFirstCRUDOperation] [main] o.apache.catalina.core.StandardEngine    : Starting Servlet engine: [Apache Tomcat/10.1.43]
2025-08-19T20:31:10.717+05:30  INFO 7212 --- [MyFirstCRUDOperation] [main] o.a.c.c.C.[Tomcat].[localhost].[/]       : Initializing Spring embedded WebApplicationContext
2025-08-19T20:31:10.718+05:30  INFO 7212 --- [MyFirstCRUDOperation] [main] w.s.c.ServletWebServerApplicationContext : Root WebApplicationContext: initialization completed in 3667 ms
2025-08-19T20:31:11.278+05:30  INFO 7212 --- [MyFirstCRUDOperation] [main] o.hibernate.jpa.internal.util.LogHelper  : HHH000204: Processing PersistenceUnitInfo [name: default]
2025-08-19T20:31:11.387+05:30  INFO 7212 --- [MyFirstCRUDOperation] [main] org.hibernate.Version                    : HHH000412: Hibernate ORM core version 6.6.22.Final
2025-08-19T20:31:11.446+05:30  INFO 7212 --- [MyFirstCRUDOperation] [main] o.h.c.internal.RegionFactoryInitiator    : HHH000026: Second-level cache disabled
2025-08-19T20:31:11.963+05:30  INFO 7212 --- [MyFirstCRUDOperation] [main] o.s.o.j.p.SpringPersistenceUnitInfo      : No LoadTimeWeaver setup: ignoring JPA class transformer
2025-08-19T20:31:12.020+05:30  INFO 7212 --- [MyFirstCRUDOperation] [main] com.zaxxer.hikari.HikariDataSource       : HikariPool-1 - Starting...
2025-08-19T20:31:12.785+05:30  INFO 7212 --- [MyFirstCRUDOperation] [main] com.zaxxer.hikari.pool.HikariPool        : HikariPool-1 - Added connection com.mysql.cj.jdbc.ConnectionImpl@311a0b3e
2025-08-19T20:31:12.788+05:30  INFO 7212 --- [MyFirstCRUDOperation] [main] com.zaxxer.hikari.HikariDataSource       : HikariPool-1 - Start completed.
2025-08-19T20:31:12.890+05:30  WARN 7212 --- [MyFirstCRUDOperation] [main] org.hibernate.orm.deprecation            : HHH90000025: MySQL8Dialect does not need to be specified explicitly using 'hibernate.dialect' (remove the property setting and it will be selected by default)
2025-08-19T20:31:12.891+05:30  WARN 7212 --- [MyFirstCRUDOperation] [main] org.hibernate.orm.deprecation            : HHH90000026: MySQL8Dialect has been deprecated; use org.hibernate.dialect.MySQLDialect instead
2025-08-19T20:31:12.946+05:30  INFO 7212 --- [MyFirstCRUDOperation] [main] org.hibernate.orm.connections.pooling    : HHH10001005: Database info:
	Database JDBC URL [Connecting through datasource 'HikariDataSource (HikariPool-1)']
	Database driver: undefined/unknown
	Database version: 8.0
	Autocommit mode: undefined/unknown
	Isolation level: undefined/unknown
	Minimum pool size: undefined/unknown
	Maximum pool size: undefined/unknown
2025-08-19T20:31:14.360+05:30  INFO 7212 --- [MyFirstCRUDOperation] [main] o.h.e.t.j.p.i.JtaPlatformInitiator       : HHH000489: No JTA platform available (set 'hibernate.transaction.jta.platform' to enable JTA platform integration)
2025-08-19T20:31:14.469+05:30  INFO 7212 --- [MyFirstCRUDOperation] [main] j.LocalContainerEntityManagerFactoryBean : Initialized JPA EntityManagerFactory for persistence unit 'default'
2025-08-19T20:31:16.978+05:30  WARN 7212 --- [MyFirstCRUDOperation] [main] JpaBaseConfiguration$JpaWebConfiguration : spring.jpa.open-in-view is enabled by default. Therefore, database queries may be performed during view rendering. Explicitly configure spring.jpa.open-in-view to disable this warning
2025-08-19T20:31:17.323+05:30  INFO 7212 --- [MyFirstCRUDOperation] [main] o.s.v.b.OptionalValidatorFactoryBean     : Failed to set up a Bean Validation provider: jakarta.validation.NoProviderFoundException: Unable to create a Configuration, because no Jakarta Bean Validation provider could be found. Add a provider like Hibernate Validator (RI) to your classpath.
2025-08-19T20:31:20.425+05:30  INFO 7212 --- [MyFirstCRUDOperation] [main] o.s.b.w.embedded.tomcat.TomcatWebServer  : Tomcat started on port 8081 (http) with context path '/'
2025-08-19T20:31:20.493+05:30  INFO 7212 --- [MyFirstCRUDOperation] [main] c.c.MyFirstCrudOperationApplication      : Started MyFirstCrudOperationApplication in 14.563 seconds (process running for 15.21)
2025-08-19T20:31:52.845+05:30  INFO 7212 --- [MyFirstCRUDOperation] [http-nio-8081-exec-1] o.a.c.c.C.[Tomcat].[localhost].[/]       : Initializing Spring DispatcherServlet 'dispatcherServlet'
2025-08-19T20:31:52.850+05:30  INFO 7212 --- [MyFirstCRUDOperation] [http-nio-8081-exec-1] o.s.web.servlet.DispatcherServlet        : Initializing Servlet 'dispatcherServlet'
2025-08-19T20:31:52.850+05:30  INFO 7212 --- [MyFirstCRUDOperation] [http-nio-8081-exec-1] o.s.web.servlet.DispatcherServlet        : Completed initialization in 0 ms
2025-08-19T20:31:53.061+05:30  INFO 7212 --- [MyFirstCRUDOperation] [http-nio-8081-exec-1] c.c.controller.DeveloperController       : Fetching developer with ID: 11
